<?xml version="1.0" encoding="UTF-8"?>
<!-- Generated by org.testng.reporters.JUnitReportReporter -->
<testsuite skipped="1" hostname="BDC8-LX-7041NGZ" name="com.pradeep.testcases.AddCustomerTest" tests="4" failures="0" timestamp="2020-03-23T19:16:47 IST" time="3.317" errors="0">
  <testcase name="addCustomerTest" time="1.907" classname="com.pradeep.testcases.AddCustomerTest"/>
  <system-out/>
  <testcase name="addCustomerTest" time="0.703" classname="com.pradeep.testcases.AddCustomerTest"/>
  <system-out/>
  <testcase name="addCustomerTest" time="0.002" classname="com.pradeep.testcases.AddCustomerTest">
    <skipped/>
  </testcase> <!-- addCustomerTest -->
  <system-out/>
  <testcase name="addCustomerTest" time="0.705" classname="com.pradeep.testcases.AddCustomerTest"/>
  <system-out/>
</testsuite> <!-- com.pradeep.testcases.AddCustomerTest -->
