<?xml version="1.0" encoding="UTF-8"?>
<!-- Generated by org.testng.reporters.JUnitReportReporter -->
<testsuite skipped="0" hostname="BDC8-LX-7041NGZ" name="com.pradeep.testcases.BankManagerLoginTest" tests="1" failures="0" timestamp="2020-03-23T19:16:47 IST" time="0.839" errors="0">
  <testcase name="bankManagerLoginTest" time="0.839" classname="com.pradeep.testcases.BankManagerLoginTest"/>
  <system-out>
<br>Verification failure :expected [abc] but found [xyz]<br> <a target="_blank" href=Mon_Mar_23_19_16_34_IST_2020.jpg><img src=Mon_Mar_23_19_16_34_IST_2020.jpg height= 200 width = 200</img></a> <br>  </system-out>
</testsuite> <!-- com.pradeep.testcases.BankManagerLoginTest -->
