<?xml version="1.0" encoding="UTF-8"?>
<!-- Generated by org.testng.reporters.JUnitReportReporter -->
<testsuite skipped="1" hostname="BDC8-LX-7041NGZ" name="com.pradeep.testcases.OpenAccountTest" tests="1" failures="0" timestamp="2020-03-23T19:16:47 IST" time="0.000" errors="0">
  <testcase name="openAccountTest" time="0.000" classname="com.pradeep.testcases.OpenAccountTest">
    <skipped/>
  </testcase> <!-- openAccountTest -->
  <system-out/>
</testsuite> <!-- com.pradeep.testcases.OpenAccountTest -->
